0 verbose cli /opt/conda/bin/node /opt/conda/bin/npm
1 info using npm@10.1.0
2 info using node@v20.9.0
3 timing npm:load:whichnode Completed in 1ms
4 timing config:load:defaults Completed in 2ms
5 timing config:load:file:/opt/conda/lib/node_modules/npm/npmrc Completed in 2ms
6 timing config:load:builtin Completed in 3ms
7 timing config:load:cli Completed in 1ms
8 timing config:load:env Completed in 0ms
9 timing config:load:project Completed in 1ms
10 timing config:load:file:/home/jovyan/.npmrc Completed in 0ms
11 timing config:load:user Completed in 0ms
12 timing config:load:file:/opt/conda/etc/npmrc Completed in 0ms
13 timing config:load:global Completed in 0ms
14 timing config:load:setEnvs Completed in 0ms
15 timing config:load Completed in 8ms
16 timing npm:load:configload Completed in 8ms
17 timing config:load:flatten Completed in 2ms
18 timing npm:load:mkdirpcache Completed in 0ms
19 timing npm:load:mkdirplogs Completed in 0ms
20 verbose title npm test ghl-integration.test.ts
21 verbose argv "test" "ghl-integration.test.ts"
22 timing npm:load:setTitle Completed in 1ms
23 timing npm:load:display Completed in 0ms
24 verbose logfile logs-max:10 dir:/home/jovyan/.npm/_logs/2025-01-13T21_22_14_339Z-
25 verbose logfile /home/jovyan/.npm/_logs/2025-01-13T21_22_14_339Z-debug-0.log
26 timing npm:load:logFile Completed in 6ms
27 timing npm:load:timers Completed in 1ms
28 timing npm:load:configScope Completed in 0ms
29 timing npm:load Completed in 29ms
30 timing command:run-script Completed in 54ms
31 timing command:test Completed in 58ms
32 verbose stack Error: Could not read package.json: Error: ENOENT: no such file or directory, open '/home/jovyan/package.json'
33 verbose cwd /home/jovyan
34 verbose Linux 6.6.56+
35 verbose node v20.9.0
36 verbose npm  v10.1.0
37 error code ENOENT
38 error syscall open
39 error path /home/jovyan/package.json
40 error errno -2
41 error enoent Could not read package.json: Error: ENOENT: no such file or directory, open '/home/jovyan/package.json'
42 error enoent This is related to npm not being able to find a file.
42 error enoent
43 verbose exit -2
44 timing npm Completed in 113ms
45 verbose code -2
46 error A complete log of this run can be found in: /home/jovyan/.npm/_logs/2025-01-13T21_22_14_339Z-debug-0.log
